<?xml version="1.0" encoding="UTF-8"?>
<!-- Generated by org.testng.reporters.JUnitReportReporter -->
<testsuite hostname="DESKTOP-2H6M1BJ" failures="0" tests="3" name="com.amaz.stepdefinition.LoginValidation" time="7.683" errors="0" timestamp="01 Apr 2022 18:52:00 GMT" skipped="0">
  <testcase classname="com.amaz.stepdefinition.LoginValidation" name="signin" time="5.216"/>
  <testcase classname="com.amaz.stepdefinition.LoginValidation" name="nextpage" time="2.360"/>
  <testcase classname="com.amaz.stepdefinition.LoginValidation" name="password" time="0.107"/>
</testsuite> <!-- com.amaz.stepdefinition.LoginValidation -->
