<?xml version="1.0" encoding="UTF-8"?>
<!-- Generated by org.testng.reporters.JUnitReportReporter -->
<testsuite hostname="DESKTOP-2H6M1BJ" failures="0" tests="3" name="com.amaz.stepdefinition.LoginSearch" time="8.665" errors="0" timestamp="01 Apr 2022 17:40:58 GMT" skipped="0">
  <testcase classname="com.amaz.stepdefinition.LoginSearch" name="signin" time="6.802"/>
  <testcase classname="com.amaz.stepdefinition.LoginSearch" name="nextpage" time="1.588"/>
  <testcase classname="com.amaz.stepdefinition.LoginSearch" name="password" time="0.275"/>
</testsuite> <!-- com.amaz.stepdefinition.LoginSearch -->
