<?xml version="1.0" encoding="UTF-8"?>
<!-- Generated by org.testng.reporters.JUnitReportReporter -->
<testsuite hostname="DESKTOP-2H6M1BJ" failures="0" tests="1" name="com.amaz.stepdefinition.SearchValidation" time="0.503" errors="0" timestamp="01 Apr 2022 18:56:53 GMT" skipped="0">
  <testcase classname="com.amaz.stepdefinition.SearchValidation" name="search" time="0.503"/>
</testsuite> <!-- com.amaz.stepdefinition.SearchValidation -->
